<?xml version="1.0" encoding="UTF-8"?>
<!-- Generated by org.testng.reporters.JUnitReportReporter -->
<testsuite hostname="DESKTOP-PMB3RF0" failures="0" tests="1" name="tests.HomepageTest" time="37.595" errors="0" timestamp="2025-02-15T08:52:12 IST" skipped="0">
  <testcase classname="tests.HomepageTest" name="testProjectsLink" time="37.595"/>
  <system-out/>
</testsuite> <!-- tests.HomepageTest -->
